[NotebookApp | ERROR] Exception while loading config file /etc/jupyter/nbgrader_config.py
    Traceback (most recent call last):
      File "/home/hp/workfolder/python/anaconda3/lib/python3.6/site-packages/traitlets/config/application.py", line 562, in _load_config_files
        config = loader.load_config()
      File "/home/hp/workfolder/python/anaconda3/lib/python3.6/site-packages/traitlets/config/loader.py", line 457, in load_config
        self._read_file_as_dict()
      File "/home/hp/workfolder/python/anaconda3/lib/python3.6/site-packages/traitlets/config/loader.py", line 489, in _read_file_as_dict
        py3compat.execfile(conf_filename, namespace)
      File "/home/hp/workfolder/python/anaconda3/lib/python3.6/site-packages/ipython_genutils/py3compat.py", line 198, in execfile
        exec(compiler(f.read(), fname, 'exec'), glob, loc)
      File "/etc/jupyter/nbgrader_config.py", line 29
        "C++14": "// your code here\nthrow new Error();"
               ^
    SyntaxError: invalid syntax
[NotebookApp | INFO] Loading the validate_assignment nbgrader serverextension
[NotebookApp | INFO] nteract extension loaded from /home/hp/workfolder/python/anaconda3/lib/python3.6/site-packages/nteract_on_jupyter
[NotebookApp | INFO] Serving notebooks from local directory: /home/hp/workfolder/Udacity-Courses/Machine-Learning-Foundation-Nanodegree/Data-Analysis-Case-1
[NotebookApp | INFO] The Jupyter Notebook is running at:
[NotebookApp | INFO] http://localhost:8888/?token=87157f63d401829126bc25921a89e5f3a190aeef4f85b6ce
[NotebookApp | INFO] Use Control-C to stop this server and shut down all kernels (twice to skip confirmation).
[NotebookApp | CRITICAL] 
    
    Copy/paste this URL into your browser when you connect for the first time,
    to login with a token:
        http://localhost:8888/?token=87157f63d401829126bc25921a89e5f3a190aeef4f85b6ce
[NotebookApp | INFO] Accepting one-time-token-authenticated connection from 127.0.0.1
[NotebookApp | INFO] Creating new notebook in 
[NotebookApp | INFO] Kernel started: 6d71945e-82dd-470f-ba76-1fc1db6679ac
[NotebookApp | INFO] Adapting to protocol v5.1 for kernel 6d71945e-82dd-470f-ba76-1fc1db6679ac
[NotebookApp | INFO] Saving file at /Gathering.ipynb
[NotebookApp | INFO] Saving file at /Gathering.ipynb
[NotebookApp | INFO] Saving file at /Gathering.ipynb
[NotebookApp | INFO] Saving file at /Gathering.ipynb
[NotebookApp | INFO] Saving file at /Gathering.ipynb
[NotebookApp | INFO] Saving file at /Gathering.ipynb
[NotebookApp | INFO] Saving file at /Gathering.ipynb
[NotebookApp | INFO] Starting buffering for 6d71945e-82dd-470f-ba76-1fc1db6679ac:76320b0c328b439185f6ff6e939db964
[NotebookApp | INFO] Creating new notebook in 
[NotebookApp | INFO] Kernel started: 9cb84de1-a3a3-43db-95be-9348f2765159
[NotebookApp | INFO] Adapting to protocol v5.1 for kernel 9cb84de1-a3a3-43db-95be-9348f2765159
[NotebookApp | WARNING] Notebook appending.ipynb is not trusted
[NotebookApp | INFO] Adapting to protocol v5.1 for kernel 9cb84de1-a3a3-43db-95be-9348f2765159
[NotebookApp | WARNING] zmq message arrived on closed channel
[NotebookApp | WARNING] zmq message arrived on closed channel
[NotebookApp | WARNING] zmq message arrived on closed channel
[NotebookApp | WARNING] zmq message arrived on closed channel
[NotebookApp | INFO] Starting buffering for 9cb84de1-a3a3-43db-95be-9348f2765159:20ba5cbc0de44d7b819f7db36b7f7ccd
[NotebookApp | INFO] Kernel shutdown: 9cb84de1-a3a3-43db-95be-9348f2765159
[NotebookApp | INFO] Kernel shutdown: 6d71945e-82dd-470f-ba76-1fc1db6679ac
[NotebookApp | WARNING] zmq message arrived on closed channel
[NotebookApp | WARNING] zmq message arrived on closed channel
[NotebookApp | WARNING] zmq message arrived on closed channel
[NotebookApp | WARNING] Notebook eda_visuals.ipynb is not trusted
[NotebookApp | INFO] Kernel started: c67a7da8-16d1-47b7-8253-79e5eff40a73
[NotebookApp | INFO] Adapting to protocol v5.1 for kernel c67a7da8-16d1-47b7-8253-79e5eff40a73
[NotebookApp | WARNING] Notebook appending.ipynb is not trusted
[NotebookApp | INFO] Kernel started: 85443a2b-9d8f-4785-a08a-931eee362356
[NotebookApp | INFO] Adapting to protocol v5.1 for kernel 85443a2b-9d8f-4785-a08a-931eee362356
[NotebookApp | INFO] Saving file at /appending.ipynb
[NotebookApp | INFO] Starting buffering for 85443a2b-9d8f-4785-a08a-931eee362356:253f42c614e74aa6809c905334bd3a58
[NotebookApp | INFO] Saving file at /eda_visuals.ipynb
[NotebookApp | WARNING] Notebook eda_visuals_solutions.ipynb is not trusted
[NotebookApp | INFO] Kernel started: febb0831-ed01-4cba-8114-8334bbad1169
[NotebookApp | INFO] Adapting to protocol v5.1 for kernel febb0831-ed01-4cba-8114-8334bbad1169
[NotebookApp | INFO] Saving file at /eda_visuals.ipynb
[NotebookApp | INFO] Saving file at /eda_visuals_solutions.ipynb
[NotebookApp | WARNING] Notebook eda_visuals_solutions.ipynb is not trusted
[NotebookApp | INFO] Saving file at /eda_visuals.ipynb
[NotebookApp | INFO] Saving file at /eda_visuals.ipynb
[NotebookApp | INFO] Starting buffering for febb0831-ed01-4cba-8114-8334bbad1169:cfa5974b88034f928eca1c9d4d50a21c
[NotebookApp | INFO] Kernel shutdown: febb0831-ed01-4cba-8114-8334bbad1169
[NotebookApp | WARNING] delete /eda_visuals_solutions.ipynb
[NotebookApp | INFO] Saving file at /eda_visuals.ipynb
[NotebookApp | INFO] Starting buffering for c67a7da8-16d1-47b7-8253-79e5eff40a73:99b3e82b02bb40cf8c0097a6c6c7030d
[NotebookApp | WARNING] Notebook conclusions_groupby.ipynb is not trusted
[NotebookApp | INFO] Kernel started: 2edc6646-b8ff-4b95-9a5b-3d927c2203ec
[NotebookApp | INFO] Adapting to protocol v5.1 for kernel 2edc6646-b8ff-4b95-9a5b-3d927c2203ec
[NotebookApp | INFO] Saving file at /conclusions_groupby.ipynb
[NotebookApp | INFO] Saving file at /conclusions_groupby.ipynb
[NotebookApp | WARNING] Notebook conclusions_groupby_sol.ipynb is not trusted
[NotebookApp | INFO] Kernel started: 6db916e1-91cb-4562-9487-2824f50556f4
[NotebookApp | INFO] Adapting to protocol v5.1 for kernel 6db916e1-91cb-4562-9487-2824f50556f4
[NotebookApp | INFO] Starting buffering for 6db916e1-91cb-4562-9487-2824f50556f4:3c1c2335b3b840c5826810a7b7da4134
[NotebookApp | INFO] Kernel shutdown: 6db916e1-91cb-4562-9487-2824f50556f4
[NotebookApp | WARNING] delete /conclusions_groupby_sol.ipynb
[NotebookApp | INFO] Saving file at /conclusions_groupby.ipynb
[NotebookApp | INFO] Starting buffering for 2edc6646-b8ff-4b95-9a5b-3d927c2203ec:731dc1bbd0f444068a87af9f48875435
[NotebookApp | WARNING] Notebook conclusions_query.ipynb is not trusted
[NotebookApp | INFO] Kernel started: 86d8f3e6-a631-4023-98bb-6f1344184a1c
[NotebookApp | INFO] Adapting to protocol v5.1 for kernel 86d8f3e6-a631-4023-98bb-6f1344184a1c
[NotebookApp | INFO] Saving file at /conclusions_query.ipynb
[NotebookApp | INFO] Saving file at /conclusions_query.ipynb
[NotebookApp | INFO] Saving file at /conclusions_query.ipynb
[NotebookApp | INFO] Saving file at /conclusions_query.ipynb
[NotebookApp | INFO] Saving file at /conclusions_query.ipynb
[NotebookApp | INFO] Starting buffering for 86d8f3e6-a631-4023-98bb-6f1344184a1c:179a2e9f14ff49cd8bdff8c9344d5bf2
[NotebookApp | INFO] Kernel shutdown: 85443a2b-9d8f-4785-a08a-931eee362356
[NotebookApp | INFO] Kernel shutdown: 2edc6646-b8ff-4b95-9a5b-3d927c2203ec
[NotebookApp | INFO] Kernel shutdown: 86d8f3e6-a631-4023-98bb-6f1344184a1c
[NotebookApp | INFO] Kernel shutdown: c67a7da8-16d1-47b7-8253-79e5eff40a73
[NotebookApp | INFO] Kernel started: 620489c6-1987-405b-a6ca-2da47dbec500
[NotebookApp | INFO] Adapting to protocol v5.1 for kernel 620489c6-1987-405b-a6ca-2da47dbec500
[NotebookApp | INFO] Starting buffering for 620489c6-1987-405b-a6ca-2da47dbec500:0749c50b4da7441b853e8cefc6f57ae9
[NotebookApp | WARNING] Notebook wine_visualizations_solutions.ipynb is not trusted
[NotebookApp | INFO] Kernel started: 479f12a5-951f-44b2-bb59-4e0587fb7950
[NotebookApp | INFO] Adapting to protocol v5.1 for kernel 479f12a5-951f-44b2-bb59-4e0587fb7950
[NotebookApp | INFO] Saving file at /wine_visualizations_solutions.ipynb
[NotebookApp | WARNING] Notebook wine_visualizations_solutions.ipynb is not trusted
[NotebookApp | WARNING] Notebook wine_visualizations.ipynb is not trusted
[NotebookApp | INFO] Kernel started: 6a2370af-d8a2-4d15-82db-021577fa63ca
[NotebookApp | INFO] Adapting to protocol v5.1 for kernel 6a2370af-d8a2-4d15-82db-021577fa63ca
[NotebookApp | INFO] Starting buffering for 479f12a5-951f-44b2-bb59-4e0587fb7950:9b74a07bd9784e7f8725130202d2df7e
[NotebookApp | INFO] Saving file at /wine_visualizations.ipynb
[NotebookApp | INFO] Creating new file in 
[NotebookApp | INFO] Saving file at /winequality_edited2.csv
[NotebookApp | INFO] Saving file at /wine_visualizations.ipynb
[NotebookApp | WARNING] Notebook wine_visualizations_solutions.ipynb is not trusted
[NotebookApp | INFO] Adapting to protocol v5.1 for kernel 479f12a5-951f-44b2-bb59-4e0587fb7950
[NotebookApp | INFO] Saving file at /wine_visualizations.ipynb
[NotebookApp | INFO] Saving file at /wine_visualizations.ipynb
[NotebookApp | INFO] Saving file at /wine_visualizations.ipynb
[NotebookApp | INFO] Starting buffering for 479f12a5-951f-44b2-bb59-4e0587fb7950:67ba30a6f4c641d7923b4859a64da3eb
[NotebookApp | INFO] Saving file at /wine_visualizations.ipynb
[NotebookApp | INFO] Starting buffering for 6a2370af-d8a2-4d15-82db-021577fa63ca:3bafae377c324d8a9d274277e1a478c2
[NotebookApp | WARNING] Notebook plotting_type_quality.ipynb is not trusted
[NotebookApp | INFO] Kernel started: 1a45a2be-5f5e-4c67-87ab-f59f04b226ae
[NotebookApp | INFO] Adapting to protocol v5.1 for kernel 1a45a2be-5f5e-4c67-87ab-f59f04b226ae
[NotebookApp | INFO] Saving file at /plotting_type_quality.ipynb
[NotebookApp | INFO] Saving file at /plotting_type_quality.ipynb
[NotebookApp | INFO] Saving file at /plotting_type_quality.ipynb
[NotebookApp | INFO] Saving file at /plotting_type_quality.ipynb
[NotebookApp | INFO] Starting buffering for 1a45a2be-5f5e-4c67-87ab-f59f04b226ae:fa91b18aedb646658ae9fb8c01ddb11f
[NotebookApp | INFO] interrupted
[NotebookApp | CRITICAL] Shutdown confirmed
[NotebookApp | INFO] Shutting down 4 kernels
[NotebookApp | INFO] Kernel shutdown: 620489c6-1987-405b-a6ca-2da47dbec500
[NotebookApp | INFO] Kernel shutdown: 479f12a5-951f-44b2-bb59-4e0587fb7950
[NotebookApp | INFO] Kernel shutdown: 6a2370af-d8a2-4d15-82db-021577fa63ca
[NotebookApp | INFO] Kernel shutdown: 1a45a2be-5f5e-4c67-87ab-f59f04b226ae
