[NotebookApp | ERROR] Exception while loading config file /etc/jupyter/nbgrader_config.py
    Traceback (most recent call last):
      File "/home/hp/workfolder/python/anaconda3/lib/python3.6/site-packages/traitlets/config/application.py", line 562, in _load_config_files
        config = loader.load_config()
      File "/home/hp/workfolder/python/anaconda3/lib/python3.6/site-packages/traitlets/config/loader.py", line 457, in load_config
        self._read_file_as_dict()
      File "/home/hp/workfolder/python/anaconda3/lib/python3.6/site-packages/traitlets/config/loader.py", line 489, in _read_file_as_dict
        py3compat.execfile(conf_filename, namespace)
      File "/home/hp/workfolder/python/anaconda3/lib/python3.6/site-packages/ipython_genutils/py3compat.py", line 198, in execfile
        exec(compiler(f.read(), fname, 'exec'), glob, loc)
      File "/etc/jupyter/nbgrader_config.py", line 29
        "C++14": "// your code here\nthrow new Error();"
               ^
    SyntaxError: invalid syntax
[NotebookApp | INFO] Loading the validate_assignment nbgrader serverextension
[NotebookApp | INFO] nteract extension loaded from /home/hp/workfolder/python/anaconda3/lib/python3.6/site-packages/nteract_on_jupyter
[NotebookApp | INFO] Serving notebooks from local directory: /home/hp/workfolder/Udacity-Courses/Machine-Learning-Foundation-Nanodegree/Data-Analysis-Case-2
[NotebookApp | INFO] The Jupyter Notebook is running at:
[NotebookApp | INFO] http://localhost:8888/?token=1cf3db4be08cf73d71a7cb38632cc41b90ee63d6f54ae4e8
[NotebookApp | INFO] Use Control-C to stop this server and shut down all kernels (twice to skip confirmation).
[NotebookApp | CRITICAL] 
    
    Copy/paste this URL into your browser when you connect for the first time,
    to login with a token:
        http://localhost:8888/?token=1cf3db4be08cf73d71a7cb38632cc41b90ee63d6f54ae4e8
[NotebookApp | INFO] Accepting one-time-token-authenticated connection from 127.0.0.1
[NotebookApp | WARNING] Notebook assessing.ipynb is not trusted
[NotebookApp | INFO] Kernel started: f9b3b38b-e432-43f5-b10b-923fe46068d6
[NotebookApp | INFO] Adapting to protocol v5.1 for kernel f9b3b38b-e432-43f5-b10b-923fe46068d6
[NotebookApp | INFO] Saving file at /assessing.ipynb
[NotebookApp | INFO] Saving file at /assessing.ipynb
[NotebookApp | INFO] Saving file at /assessing.ipynb
[NotebookApp | INFO] Saving file at /assessing.ipynb
[NotebookApp | INFO] Saving file at /assessing.ipynb
[NotebookApp | INFO] Saving file at /assessing.ipynb
[NotebookApp | INFO] Saving file at /assessing.ipynb
[NotebookApp | INFO] Saving file at /assessing.ipynb
[NotebookApp | INFO] Saving file at /assessing.ipynb
[NotebookApp | INFO] Saving file at /assessing.ipynb
[NotebookApp | INFO] Starting buffering for f9b3b38b-e432-43f5-b10b-923fe46068d6:d83897b7ea5142fa922bd21318ab6916
[NotebookApp | WARNING] Notebook cleaning_column_labels.ipynb is not trusted
[NotebookApp | INFO] Kernel started: 3da30997-9995-4916-adf8-4169ecf223d2
[NotebookApp | INFO] Adapting to protocol v5.1 for kernel 3da30997-9995-4916-adf8-4169ecf223d2
[NotebookApp | INFO] Saving file at /cleaning_column_labels.ipynb
[NotebookApp | INFO] Saving file at /cleaning_column_labels.ipynb
[NotebookApp | INFO] Saving file at /cleaning_column_labels.ipynb
[NotebookApp | INFO] Saving file at /cleaning_column_labels.ipynb
[NotebookApp | INFO] Saving file at /cleaning_column_labels.ipynb
[NotebookApp | INFO] Saving file at /cleaning_column_labels.ipynb
[NotebookApp | INFO] Starting buffering for 3da30997-9995-4916-adf8-4169ecf223d2:37d41492cf6d40fa84d3696b2274e3c0
[NotebookApp | WARNING] Notebook filter_drop_dedupe.ipynb is not trusted
[NotebookApp | INFO] Kernel started: ac828d00-bc9a-4c99-a711-f12374e12fbd
[NotebookApp | INFO] Adapting to protocol v5.1 for kernel ac828d00-bc9a-4c99-a711-f12374e12fbd
[NotebookApp | INFO] Saving file at /filter_drop_dedupe.ipynb
[NotebookApp | INFO] Saving file at /filter_drop_dedupe.ipynb
[NotebookApp | INFO] Saving file at /filter_drop_dedupe.ipynb
[NotebookApp | INFO] Saving file at /filter_drop_dedupe.ipynb
[NotebookApp | INFO] Saving file at /filter_drop_dedupe.ipynb
[NotebookApp | INFO] Starting buffering for ac828d00-bc9a-4c99-a711-f12374e12fbd:092aa840b3bf44eca4cfed962c25a637
[NotebookApp | INFO] Adapting to protocol v5.1 for kernel ac828d00-bc9a-4c99-a711-f12374e12fbd
[NotebookApp | INFO] Saving file at /filter_drop_dedupe.ipynb
[NotebookApp | INFO] Saving file at /filter_drop_dedupe.ipynb
[NotebookApp | WARNING] Notebook filter_drop_dedupe_solutions.ipynb is not trusted
[NotebookApp | INFO] Kernel started: 5b0d182d-ee98-484d-a03a-227b09d998f8
[NotebookApp | INFO] Adapting to protocol v5.1 for kernel 5b0d182d-ee98-484d-a03a-227b09d998f8
[NotebookApp | INFO] Saving file at /filter_drop_dedupe.ipynb
[NotebookApp | INFO] Saving file at /filter_drop_dedupe_solutions.ipynb
[NotebookApp | WARNING] Notebook filter_drop_dedupe_solutions.ipynb is not trusted
[NotebookApp | INFO] Starting buffering for 5b0d182d-ee98-484d-a03a-227b09d998f8:4bbbed8ce35349bd8ff4f9ca45270619
[NotebookApp | INFO] Saving file at /filter_drop_dedupe.ipynb
[NotebookApp | INFO] Saving file at /filter_drop_dedupe.ipynb
[NotebookApp | WARNING] Notebook filter_drop_dedupe_solutions.ipynb is not trusted
[NotebookApp | INFO] Adapting to protocol v5.1 for kernel 5b0d182d-ee98-484d-a03a-227b09d998f8
[NotebookApp | INFO] Saving file at /filter_drop_dedupe.ipynb
[NotebookApp | INFO] Saving file at /filter_drop_dedupe.ipynb
[NotebookApp | INFO] Saving file at /filter_drop_dedupe.ipynb
[NotebookApp | INFO] Starting buffering for ac828d00-bc9a-4c99-a711-f12374e12fbd:d83c550f04e240abab09c6db89aa5ab9
[NotebookApp | INFO] Starting buffering for 5b0d182d-ee98-484d-a03a-227b09d998f8:d56566f94c2c484f83f68208eab3d9e9
[NotebookApp | WARNING] Notebook filter_drop_dedupe_solutions.ipynb is not trusted
[NotebookApp | INFO] Adapting to protocol v5.1 for kernel 5b0d182d-ee98-484d-a03a-227b09d998f8
[NotebookApp | INFO] Starting buffering for 5b0d182d-ee98-484d-a03a-227b09d998f8:e608bcc589f249a5832edf99c198db94
[NotebookApp | WARNING] Notebook inspect_datatypes.ipynb is not trusted
[NotebookApp | INFO] Kernel started: c7bbef0b-c7b1-477f-8732-3a76442000c0
[NotebookApp | INFO] Adapting to protocol v5.1 for kernel c7bbef0b-c7b1-477f-8732-3a76442000c0
[NotebookApp | INFO] Saving file at /inspect_datatypes.ipynb
[NotebookApp | INFO] Saving file at /inspect_datatypes.ipynb
[NotebookApp | INFO] Saving file at /inspect_datatypes.ipynb
[NotebookApp | INFO] Starting buffering for c7bbef0b-c7b1-477f-8732-3a76442000c0:d80d28ec11ae419e85699d1586942bda
[NotebookApp | WARNING] Notebook fix_datatypes_cyl.ipynb is not trusted
[NotebookApp | INFO] Kernel started: bf0183a8-458f-49df-aa48-10405cf32bef
[NotebookApp | INFO] Adapting to protocol v5.1 for kernel bf0183a8-458f-49df-aa48-10405cf32bef
[NotebookApp | INFO] Saving file at /fix_datatypes_cyl.ipynb
[NotebookApp | INFO] Saving file at /fix_datatypes_cyl.ipynb
[NotebookApp | INFO] Saving file at /fix_datatypes_cyl.ipynb
[NotebookApp | INFO] Saving file at /fix_datatypes_cyl.ipynb
[NotebookApp | INFO] Saving file at /fix_datatypes_cyl.ipynb
[NotebookApp | INFO] Saving file at /fix_datatypes_cyl.ipynb
[NotebookApp | INFO] Starting buffering for bf0183a8-458f-49df-aa48-10405cf32bef:13ecfb5733d94acf8134696d35587e3d
[NotebookApp | WARNING] Notebook fix_datatypes_air_pollution.ipynb is not trusted
[NotebookApp | INFO] Kernel started: 2175dde2-1a87-4f56-aa07-b2091c28e2de
[NotebookApp | INFO] Adapting to protocol v5.1 for kernel 2175dde2-1a87-4f56-aa07-b2091c28e2de
[NotebookApp | INFO] Saving file at /fix_datatypes_air_pollution.ipynb
[NotebookApp | INFO] Saving file at /fix_datatypes_air_pollution.ipynb
[NotebookApp | INFO] Saving file at /fix_datatypes_air_pollution.ipynb
[NotebookApp | INFO] Saving file at /fix_datatypes_air_pollution.ipynb
[NotebookApp | INFO] Starting buffering for 2175dde2-1a87-4f56-aa07-b2091c28e2de:645aa963bb8c46999177ab8b130f0935
[NotebookApp | WARNING] Notebook fix_datatypes_mpg_greenhouse.ipynb is not trusted
[NotebookApp | INFO] Kernel started: d0932e22-bc8d-45c0-9be8-6da37817c884
[NotebookApp | INFO] Adapting to protocol v5.1 for kernel d0932e22-bc8d-45c0-9be8-6da37817c884
[NotebookApp | INFO] Saving file at /fix_datatypes_mpg_greenhouse.ipynb
[NotebookApp | INFO] Saving file at /fix_datatypes_mpg_greenhouse.ipynb
[NotebookApp | INFO] Starting buffering for d0932e22-bc8d-45c0-9be8-6da37817c884:c2253248a7e349368215e191aa2dde1f
[NotebookApp | INFO] Kernel shutdown: f9b3b38b-e432-43f5-b10b-923fe46068d6
[NotebookApp | INFO] Kernel shutdown: ac828d00-bc9a-4c99-a711-f12374e12fbd
[NotebookApp | INFO] Kernel shutdown: 5b0d182d-ee98-484d-a03a-227b09d998f8
[NotebookApp | INFO] Kernel shutdown: 2175dde2-1a87-4f56-aa07-b2091c28e2de
[NotebookApp | INFO] Kernel shutdown: bf0183a8-458f-49df-aa48-10405cf32bef
[NotebookApp | INFO] Kernel shutdown: c7bbef0b-c7b1-477f-8732-3a76442000c0
[NotebookApp | INFO] Kernel shutdown: d0932e22-bc8d-45c0-9be8-6da37817c884
[NotebookApp | INFO] Kernel shutdown: 3da30997-9995-4916-adf8-4169ecf223d2
[NotebookApp | WARNING] Notebook exploring_visuals.ipynb is not trusted
[NotebookApp | INFO] Kernel started: 582d51fc-fae0-47d3-ab90-d9ab855dfdd1
[NotebookApp | INFO] Adapting to protocol v5.1 for kernel 582d51fc-fae0-47d3-ab90-d9ab855dfdd1
[NotebookApp | INFO] Saving file at /exploring_visuals.ipynb
[NotebookApp | INFO] Saving file at /exploring_visuals.ipynb
[NotebookApp | INFO] Saving file at /exploring_visuals.ipynb
[NotebookApp | INFO] Saving file at /exploring_visuals.ipynb
[NotebookApp | INFO] Starting buffering for 582d51fc-fae0-47d3-ab90-d9ab855dfdd1:767be71662f44ed4ae432e8e7af58f46
[NotebookApp | WARNING] Notebook drawing_conclusions.ipynb is not trusted
[NotebookApp | INFO] Kernel started: 899ea5d8-36fe-4d20-8f43-f8769ff61b4d
[NotebookApp | INFO] Adapting to protocol v5.1 for kernel 899ea5d8-36fe-4d20-8f43-f8769ff61b4d
[NotebookApp | WARNING] Notebook drawing-conclusions-solutions.ipynb is not trusted
[NotebookApp | INFO] Kernel started: c3dcac22-84f9-407f-bc55-25efc7e8effc
[NotebookApp | INFO] Saving file at /drawing_conclusions.ipynb
[NotebookApp | INFO] Adapting to protocol v5.1 for kernel c3dcac22-84f9-407f-bc55-25efc7e8effc
[NotebookApp | INFO] Saving file at /drawing_conclusions.ipynb
[NotebookApp | INFO] Saving file at /drawing-conclusions-solutions.ipynb
[NotebookApp | WARNING] Notebook drawing-conclusions-solutions.ipynb is not trusted
[NotebookApp | INFO] Saving file at /drawing_conclusions.ipynb
[NotebookApp | INFO] Saving file at /drawing_conclusions.ipynb
[NotebookApp | INFO] Saving file at /drawing_conclusions.ipynb
[NotebookApp | INFO] Saving file at /drawing_conclusions.ipynb
[NotebookApp | INFO] Saving file at /drawing_conclusions.ipynb
[NotebookApp | INFO] Saving file at /drawing_conclusions.ipynb
[NotebookApp | INFO] Saving file at /drawing_conclusions.ipynb
[NotebookApp | INFO] Saving file at /drawing_conclusions.ipynb
[NotebookApp | INFO] Saving file at /drawing_conclusions.ipynb
[NotebookApp | INFO] Saving file at /drawing_conclusions.ipynb
[NotebookApp | INFO] Saving file at /drawing_conclusions.ipynb
[NotebookApp | INFO] Saving file at /drawing_conclusions.ipynb
[NotebookApp | INFO] Saving file at /drawing_conclusions.ipynb
[NotebookApp | INFO] Starting buffering for 899ea5d8-36fe-4d20-8f43-f8769ff61b4d:783ae6eb069c49958374ee02bfa764da
[NotebookApp | INFO] Starting buffering for c3dcac22-84f9-407f-bc55-25efc7e8effc:9f275fd230db427b9755d8726dae1fad
[NotebookApp | WARNING] Notebook merging_data.ipynb is not trusted
[NotebookApp | INFO] Kernel started: 4c6cfa23-6442-4794-b35d-a0403d0c49c6
[NotebookApp | INFO] Adapting to protocol v5.1 for kernel 4c6cfa23-6442-4794-b35d-a0403d0c49c6
[NotebookApp | WARNING] Notebook merging-data.ipynb is not trusted
[NotebookApp | INFO] Kernel started: 68de0740-223d-4fae-9024-c399e9f80d1a
[NotebookApp | INFO] Adapting to protocol v5.1 for kernel 68de0740-223d-4fae-9024-c399e9f80d1a
[NotebookApp | INFO] Saving file at /merging_data.ipynb
[NotebookApp | INFO] Starting buffering for 68de0740-223d-4fae-9024-c399e9f80d1a:203a18411bd04b7caf7280a83fee4013
[NotebookApp | INFO] Saving file at /merging_data.ipynb
[NotebookApp | INFO] Starting buffering for 4c6cfa23-6442-4794-b35d-a0403d0c49c6:e3e5efde877f40c09842ea60fe9e3c1c
[NotebookApp | INFO] Kernel shutdown: 68de0740-223d-4fae-9024-c399e9f80d1a
[NotebookApp | WARNING] delete /merging-data.ipynb
[NotebookApp | WARNING] Notebook results_merged.ipynb is not trusted
[NotebookApp | INFO] Kernel started: b2f2c91a-3455-4a62-b56c-c61af25e6f01
[NotebookApp | INFO] Adapting to protocol v5.1 for kernel b2f2c91a-3455-4a62-b56c-c61af25e6f01
[NotebookApp | INFO] Saving file at /results_merged.ipynb
[NotebookApp | WARNING] Notebook results_merged_solutions.ipynb is not trusted
[NotebookApp | INFO] Kernel started: d1ab0f7d-1248-45b4-9779-802c8778cec5
[NotebookApp | INFO] Adapting to protocol v5.1 for kernel d1ab0f7d-1248-45b4-9779-802c8778cec5
[NotebookApp | INFO] Saving file at /results_merged.ipynb
[NotebookApp | INFO] Saving file at /results_merged_solutions.ipynb
[NotebookApp | WARNING] Notebook results_merged_solutions.ipynb is not trusted
[NotebookApp | INFO] Saving file at /results_merged.ipynb
[NotebookApp | INFO] Saving file at /results_merged.ipynb
[NotebookApp | INFO] Starting buffering for d1ab0f7d-1248-45b4-9779-802c8778cec5:c1e4671333604c5fb69086a4f8cfc754
[NotebookApp | INFO] Kernel shutdown: d1ab0f7d-1248-45b4-9779-802c8778cec5
[NotebookApp | WARNING] delete /results_merged_solutions.ipynb
[NotebookApp | INFO] Saving file at /results_merged.ipynb
[NotebookApp | INFO] Starting buffering for b2f2c91a-3455-4a62-b56c-c61af25e6f01:a2bdbd9af4d94631b06e293c11bb2f16
[NotebookApp | INFO] interrupted
[NotebookApp | CRITICAL] Shutdown confirmed
[NotebookApp | INFO] Shutting down 5 kernels
[NotebookApp | INFO] Kernel shutdown: 582d51fc-fae0-47d3-ab90-d9ab855dfdd1
[NotebookApp | INFO] Kernel shutdown: 899ea5d8-36fe-4d20-8f43-f8769ff61b4d
[NotebookApp | INFO] Kernel shutdown: c3dcac22-84f9-407f-bc55-25efc7e8effc
[NotebookApp | INFO] Kernel shutdown: 4c6cfa23-6442-4794-b35d-a0403d0c49c6
[NotebookApp | INFO] Kernel shutdown: b2f2c91a-3455-4a62-b56c-c61af25e6f01
